#
# A fatal error has been detected by the Java Runtime Environment:
#
#  EXCEPTION_ACCESS_VIOLATION (0xc0000005) at pc=0x00000001800044cb, pid=15608, tid=0x0000000000003298
#
# JRE version: Java(TM) SE Runtime Environment (8.0_261-b12) (build 1.8.0_261-b12)
# Java VM: Java HotSpot(TM) 64-Bit Server VM (25.261-b12 mixed mode windows-amd64 compressed oops)
# Problematic frame:
# C  [rxtxSerial.dll+0x44cb]
#
# Failed to write core dump. Minidumps are not enabled by default on client versions of Windows
#
# If you would like to submit a bug report, please visit:
#   http://bugreport.java.com/bugreport/crash.jsp
# The crash happened outside the Java Virtual Machine in native code.
# See problematic frame for where to report the bug.
#

---------------  T H R E A D  ---------------

Current thread (0x00000253af585800):  JavaThread "Animation Thread" [_thread_in_native, id=12952, stack(0x000000f75f000000,0x000000f75f100000)]

siginfo: ExceptionCode=0xc0000005, reading address 0x000000005effebbc

Registers:
RAX=0x000000000000001c, RBX=0x0000000000000001, RCX=0x000000f75f0ff23c, RDX=0x0000000000000000
RSP=0x000000f75f0fee60, RBP=0x0000000000000001, RSI=0x0000000000000000, RDI=0x00000253af5859f8
R8 =0x000000f75f0feb20, R9 =0x0000000180000000, R10=0x0000000000000000, R11=0x0000000000000200
R12=0x000000005effebb0, R13=0x0000000000000000, R14=0x000000f75f0ff350, R15=0x00000253af585800
RIP=0x00000001800044cb, EFLAGS=0x0000000000010202

Top of Stack: (sp=0x000000f75f0fee60)
0x000000f75f0fee60:   00000253b235fbb8 000000018001c4c0
0x000000f75f0fee70:   0000000000000000 0000000000000001
0x000000f75f0fee80:   00000253ad5b66d8 00000253af585800
0x000000f75f0fee90:   000000f75f0ff350 00000253af585800
0x000000f75f0feea0:   0000000100002368 0000000100002368
0x000000f75f0feeb0:   00000253ad5b66d8 00000253af585800
0x000000f75f0feec0:   0000254772d5840c 00000253af585800
0x000000f75f0feed0:   000000f75f0fefd0 0000000072e6679c
0x000000f75f0feee0:   0000000000000000 0000000000000000
0x000000f75f0feef0:   0000025397e7ca30 0000000072f3be87
0x000000f75f0fef00:   00000000732d7ea0 0000000072f3da45
0x000000f75f0fef10:   0000000000000004 0000000000000004
0x000000f75f0fef20:   0000254772d5846c 00000253af585800
0x000000f75f0fef30:   0000025397e7ca30 0000000072deeed5
0x000000f75f0fef40:   00000253b235fbb8 000000f75f0fefd0
0x000000f75f0fef50:   0000000000000000 000000f75f0ff0a0 

Instructions: (pc=0x00000001800044cb)
0x00000001800044ab:   1f 48 8b d3 48 8b cf 41 ff 93 b8 00 00 00 45 84
0x00000001800044bb:   ed 0f 85 b7 00 00 00 4d 85 e4 0f 84 ae 00 00 00
0x00000001800044cb:   41 83 7c 24 0c 00 0f 84 a2 00 00 00 48 8d 4c 24
0x00000001800044db:   38 49 8b d4 41 b8 40 03 00 00 e8 06 64 00 00 4c 


Register to memory mapping:

RAX=0x000000000000001c is an unknown value
RBX=0x0000000000000001 is an unknown value
RCX=0x000000f75f0ff23c is pointing into the stack for thread: 0x00000253af585800
RDX=0x0000000000000000 is an unknown value
RSP=0x000000f75f0fee60 is pointing into the stack for thread: 0x00000253af585800
RBP=0x0000000000000001 is an unknown value
RSI=0x0000000000000000 is an unknown value
RDI=0x00000253af5859f8 is an unknown value
R8 =0x000000f75f0feb20 is pointing into the stack for thread: 0x00000253af585800
R9 =0x0000000180000000 is an unknown value
R10=0x0000000000000000 is an unknown value
R11=0x0000000000000200 is an unknown value
R12=0x000000005effebb0 is an unknown value
R13=0x0000000000000000 is an unknown value
R14=0x000000f75f0ff350 is pointing into the stack for thread: 0x00000253af585800
R15=0x00000253af585800 is a thread


Stack: [0x000000f75f000000,0x000000f75f100000],  sp=0x000000f75f0fee60,  free space=1019k
Native frames: (J=compiled Java code, j=interpreted, Vv=VM code, C=native code)
C  [rxtxSerial.dll+0x44cb]
C  0x0000025399899f4e

Java frames: (J=compiled Java code, j=interpreted, Vv=VM code)
j  gnu.io.RXTXPort.nativeDrain(Z)Z+0
j  gnu.io.RXTXPort$SerialOutputStream.flush()V+92
j  processing.serial.Serial.write([B)V+12
j  MultiWiiConf.sendRequestMSP(Ljava/util/List;)V+60
j  MultiWiiConf.draw()V+934
j  processing.core.PApplet.handleDraw()V+145
j  processing.core.PApplet.run()V+72
j  java.lang.Thread.run()V+11
v  ~StubRoutines::call_stub

---------------  P R O C E S S  ---------------

Java Threads: ( => current thread )
  0x00000253b012b800 JavaThread "Thread-3" [_thread_in_native, id=15260, stack(0x000000f75ef00000,0x000000f75f000000)]
  0x00000253b012d000 JavaThread "DestroyJavaVM" [_thread_blocked, id=16320, stack(0x000000f75dc00000,0x000000f75dd00000)]
=>0x00000253af585800 JavaThread "Animation Thread" [_thread_in_native, id=12952, stack(0x000000f75f000000,0x000000f75f100000)]
  0x00000253af57f000 JavaThread "AWT-EventQueue-0" [_thread_blocked, id=1480, stack(0x000000f75ee00000,0x000000f75ef00000)]
  0x00000253af552000 JavaThread "AWT-Windows" daemon [_thread_in_native, id=14528, stack(0x000000f75ed00000,0x000000f75ee00000)]
  0x00000253af54f800 JavaThread "AWT-Shutdown" [_thread_blocked, id=15780, stack(0x000000f75ec00000,0x000000f75ed00000)]
  0x00000253af54e800 JavaThread "Java2D Disposer" daemon [_thread_blocked, id=992, stack(0x000000f75eb00000,0x000000f75ec00000)]
  0x00000253ae676800 JavaThread "Service Thread" daemon [_thread_blocked, id=13424, stack(0x000000f75e900000,0x000000f75ea00000)]
  0x00000253ae5ec800 JavaThread "C1 CompilerThread2" daemon [_thread_blocked, id=12444, stack(0x000000f75e800000,0x000000f75e900000)]
  0x00000253ae5e6000 JavaThread "C2 CompilerThread1" daemon [_thread_blocked, id=16388, stack(0x000000f75e700000,0x000000f75e800000)]
  0x00000253ae5de800 JavaThread "C2 CompilerThread0" daemon [_thread_blocked, id=16720, stack(0x000000f75e600000,0x000000f75e700000)]
  0x00000253ae5dc800 JavaThread "Attach Listener" daemon [_thread_blocked, id=14260, stack(0x000000f75e500000,0x000000f75e600000)]
  0x00000253ae5db800 JavaThread "Signal Dispatcher" daemon [_thread_blocked, id=8532, stack(0x000000f75e400000,0x000000f75e500000)]
  0x00000253ae5c6800 JavaThread "Finalizer" daemon [_thread_blocked, id=16728, stack(0x000000f75e300000,0x000000f75e400000)]
  0x00000253ae5a5800 JavaThread "Reference Handler" daemon [_thread_blocked, id=10312, stack(0x000000f75e200000,0x000000f75e300000)]

Other Threads:
  0x00000253ae5a1800 VMThread [stack: 0x000000f75e100000,0x000000f75e200000] [id=3492]
  0x00000253ae696000 WatcherThread [stack: 0x000000f75ea00000,0x000000f75eb00000] [id=5980]

VM state:not at safepoint (normal execution)

VM Mutex/Monitor currently owned by a thread: None

heap address: 0x0000000082400000, size: 2012 MB, Compressed Oops mode: 32-bit
Narrow klass base: 0x0000000000000000, Narrow klass shift: 3
Compressed class space size: 1073741824 Address: 0x0000000100000000

Heap:
 PSYoungGen      total 37888K, used 32108K [0x00000000d6180000, 0x00000000dab80000, 0x0000000100000000)
  eden space 32768K, 87% used [0x00000000d6180000,0x00000000d7d7a9a8,0x00000000d8180000)
  from space 5120K, 67% used [0x00000000d8180000,0x00000000d84e07f0,0x00000000d8680000)
  to   space 5120K, 0% used [0x00000000da680000,0x00000000da680000,0x00000000dab80000)
 ParOldGen       total 86016K, used 16K [0x0000000082400000, 0x0000000087800000, 0x00000000d6180000)
  object space 86016K, 0% used [0x0000000082400000,0x0000000082404000,0x0000000087800000)
 Metaspace       used 13207K, capacity 13340K, committed 13440K, reserved 1060864K
  class space    used 1336K, capacity 1399K, committed 1408K, reserved 1048576K

Card table byte_map: [0x00000253a8c40000,0x00000253a9030000] byte_map_base: 0x00000253a882e000

Marking Bits: (ParMarkBitMap*) 0x0000000073514fb0
 Begin Bits: [0x00000253a92d0000, 0x00000253ab240000)
 End Bits:   [0x00000253ab240000, 0x00000253ad1b0000)

Polling page: 0x0000025397e40000

CodeCache: size=245760Kb used=4595Kb max_used=4595Kb free=241164Kb
 bounds [0x0000025399880000, 0x0000025399d10000, 0x00000253a8880000]
 total_blobs=2075 nmethods=1353 adapters=634
 compilation: enabled

Compilation events (10 events):
Event: 8.145 Thread 0x00000253ae5ec800 1349       3       java.awt.EventQueue::coalesceEvent (86 bytes)
Event: 8.147 Thread 0x00000253ae5ec800 nmethod 1349 0x0000025399cfd990 code [0x0000025399cfdb80, 0x0000025399cfe8a0]
Event: 8.147 Thread 0x00000253ae5ec800 1350       3       java.awt.EventQueue::cacheEQItem (60 bytes)
Event: 8.149 Thread 0x00000253ae5ec800 nmethod 1350 0x0000025399cfea90 code [0x0000025399cfec20, 0x0000025399cff390]
Event: 8.149 Thread 0x00000253ae5ec800 1351       3       java.awt.EventQueue::dispatchEvent (80 bytes)
Event: 8.154 Thread 0x00000253ae5ec800 nmethod 1351 0x0000025399cff5d0 code [0x0000025399cff880, 0x0000025399d00b40]
Event: 8.154 Thread 0x00000253ae5ec800 1352       1       sun.awt.windows.WObjectPeer::isDisposed (5 bytes)
Event: 8.154 Thread 0x00000253ae5ec800 nmethod 1352 0x0000025399cf9bd0 code [0x0000025399cf9d20, 0x0000025399cf9e38]
Event: 8.170 Thread 0x00000253ae5ec800 1353       3       java.util.HashMap$HashIterator::<init> (79 bytes)
Event: 8.171 Thread 0x00000253ae5ec800 nmethod 1353 0x0000025399cf9550 code [0x0000025399cf96c0, 0x0000025399cf9a58]

GC Heap History (6 events):
Event: 4.040 GC heap before
{Heap before GC invocations=1 (full 0):
 PSYoungGen      total 37888K, used 32768K [0x00000000d6180000, 0x00000000d8b80000, 0x0000000100000000)
  eden space 32768K, 100% used [0x00000000d6180000,0x00000000d8180000,0x00000000d8180000)
  from space 5120K, 0% used [0x00000000d8680000,0x00000000d8680000,0x00000000d8b80000)
  to   space 5120K, 0% used [0x00000000d8180000,0x00000000d8180000,0x00000000d8680000)
 ParOldGen       total 86016K, used 0K [0x0000000082400000, 0x0000000087800000, 0x00000000d6180000)
  object space 86016K, 0% used [0x0000000082400000,0x0000000082400000,0x0000000087800000)
 Metaspace       used 12269K, capacity 12436K, committed 12672K, reserved 1060864K
  class space    used 1272K, capacity 1361K, committed 1408K, reserved 1048576K
Event: 4.056 GC heap after
Heap after GC invocations=1 (full 0):
 PSYoungGen      total 37888K, used 4802K [0x00000000d6180000, 0x00000000d8b80000, 0x0000000100000000)
  eden space 32768K, 0% used [0x00000000d6180000,0x00000000d6180000,0x00000000d8180000)
  from space 5120K, 93% used [0x00000000d8180000,0x00000000d86308f0,0x00000000d8680000)
  to   space 5120K, 0% used [0x00000000d8680000,0x00000000d8680000,0x00000000d8b80000)
 ParOldGen       total 86016K, used 8K [0x0000000082400000, 0x0000000087800000, 0x00000000d6180000)
  object space 86016K, 0% used [0x0000000082400000,0x0000000082402000,0x0000000087800000)
 Metaspace       used 12269K, capacity 12436K, committed 12672K, reserved 1060864K
  class space    used 1272K, capacity 1361K, committed 1408K, reserved 1048576K
}
Event: 4.085 GC heap before
{Heap before GC invocations=2 (full 0):
 PSYoungGen      total 37888K, used 37570K [0x00000000d6180000, 0x00000000d8b80000, 0x0000000100000000)
  eden space 32768K, 100% used [0x00000000d6180000,0x00000000d8180000,0x00000000d8180000)
  from space 5120K, 93% used [0x00000000d8180000,0x00000000d86308f0,0x00000000d8680000)
  to   space 5120K, 0% used [0x00000000d8680000,0x00000000d8680000,0x00000000d8b80000)
 ParOldGen       total 86016K, used 8K [0x0000000082400000, 0x0000000087800000, 0x00000000d6180000)
  object space 86016K, 0% used [0x0000000082400000,0x0000000082402000,0x0000000087800000)
 Metaspace       used 12283K, capacity 12500K, committed 12672K, reserved 1060864K
  class space    used 1273K, capacity 1361K, committed 1408K, reserved 1048576K
Event: 4.092 GC heap after
Heap after GC invocations=2 (full 0):
 PSYoungGen      total 37888K, used 3459K [0x00000000d6180000, 0x00000000dab80000, 0x0000000100000000)
  eden space 32768K, 0% used [0x00000000d6180000,0x00000000d6180000,0x00000000d8180000)
  from space 5120K, 67% used [0x00000000d8680000,0x00000000d89e0c48,0x00000000d8b80000)
  to   space 5120K, 0% used [0x00000000d8180000,0x00000000d8180000,0x00000000d8680000)
 ParOldGen       total 86016K, used 16K [0x0000000082400000, 0x0000000087800000, 0x00000000d6180000)
  object space 86016K, 0% used [0x0000000082400000,0x0000000082404000,0x0000000087800000)
 Metaspace       used 12283K, capacity 12500K, committed 12672K, reserved 1060864K
  class space    used 1273K, capacity 1361K, committed 1408K, reserved 1048576K
}
Event: 4.106 GC heap before
{Heap before GC invocations=3 (full 0):
 PSYoungGen      total 37888K, used 36227K [0x00000000d6180000, 0x00000000dab80000, 0x0000000100000000)
  eden space 32768K, 100% used [0x00000000d6180000,0x00000000d8180000,0x00000000d8180000)
  from space 5120K, 67% used [0x00000000d8680000,0x00000000d89e0c48,0x00000000d8b80000)
  to   space 5120K, 0% used [0x00000000d8180000,0x00000000d8180000,0x00000000d8680000)
 ParOldGen       total 86016K, used 16K [0x0000000082400000, 0x0000000087800000, 0x00000000d6180000)
  object space 86016K, 0% used [0x0000000082400000,0x0000000082404000,0x0000000087800000)
 Metaspace       used 12283K, capacity 12500K, committed 12672K, reserved 1060864K
  class space    used 1273K, capacity 1361K, committed 1408K, reserved 1048576K
Event: 4.111 GC heap after
Heap after GC invocations=3 (full 0):
 PSYoungGen      total 37888K, used 3457K [0x00000000d6180000, 0x00000000dab80000, 0x0000000100000000)
  eden space 32768K, 0% used [0x00000000d6180000,0x00000000d6180000,0x00000000d8180000)
  from space 5120K, 67% used [0x00000000d8180000,0x00000000d84e07f0,0x00000000d8680000)
  to   space 5120K, 0% used [0x00000000da680000,0x00000000da680000,0x00000000dab80000)
 ParOldGen       total 86016K, used 16K [0x0000000082400000, 0x0000000087800000, 0x00000000d6180000)
  object space 86016K, 0% used [0x0000000082400000,0x0000000082404000,0x0000000087800000)
 Metaspace       used 12283K, capacity 12500K, committed 12672K, reserved 1060864K
  class space    used 1273K, capacity 1361K, committed 1408K, reserved 1048576K
}

Deoptimization events (10 events):
Event: 6.362 Thread 0x00000253af585800 Uncommon trap: reason=class_check action=maybe_recompile pc=0x0000025399cc92f8 method=controlP5.ControlFont.adjust(Lprocessing/core/PApplet;LcontrolP5/Label;)V @ 6
Event: 6.362 Thread 0x00000253af585800 Uncommon trap: reason=class_check action=maybe_recompile pc=0x0000025399cbe184 method=controlP5.ControlFont.draw(Lprocessing/core/PApplet;LcontrolP5/Label;)V @ 6
Event: 6.394 Thread 0x00000253af585800 Uncommon trap: reason=class_check action=maybe_recompile pc=0x0000025399cc92f8 method=controlP5.ControlFont.adjust(Lprocessing/core/PApplet;LcontrolP5/Label;)V @ 6
Event: 6.394 Thread 0x00000253af585800 Uncommon trap: reason=class_check action=maybe_recompile pc=0x0000025399cbe184 method=controlP5.ControlFont.draw(Lprocessing/core/PApplet;LcontrolP5/Label;)V @ 6
Event: 6.459 Thread 0x00000253af585800 Uncommon trap: reason=class_check action=maybe_recompile pc=0x0000025399cc92f8 method=controlP5.ControlFont.adjust(Lprocessing/core/PApplet;LcontrolP5/Label;)V @ 6
Event: 6.459 Thread 0x00000253af585800 Uncommon trap: reason=class_check action=maybe_recompile pc=0x0000025399cbe184 method=controlP5.ControlFont.draw(Lprocessing/core/PApplet;LcontrolP5/Label;)V @ 6
Event: 6.751 Thread 0x00000253af585800 Uncommon trap: reason=unstable_if action=reinterpret pc=0x0000025399cd5634 method=controlP5.Controller.updateEvents()Ljava/lang/Object; @ 98
Event: 6.852 Thread 0x00000253af585800 Uncommon trap: reason=unstable_if action=reinterpret pc=0x0000025399b36d58 method=java.lang.String.substring(I)Ljava/lang/String; @ 35
Event: 8.138 Thread 0x00000253af585800 Uncommon trap: reason=unstable_if action=reinterpret pc=0x0000025399cf4a94 method=java.lang.Integer.getChars(II[C)V @ 20
Event: 8.143 Thread 0x00000253af585800 Uncommon trap: reason=unstable_if action=reinterpret pc=0x0000025399cee2d8 method=java.lang.Integer.getChars(II[C)V @ 20

Classes redefined (0 events):
No events

Internal exceptions (10 events):
Event: 3.634 Thread 0x00000253af585800 Exception <a 'java/io/FileNotFoundException'> (0x00000000d74a7458) thrown at [C:\jenkins\workspace\8-2-build-windows-amd64-cygwin\jdk8u261\295\hotspot\src\share\vm\prims\jni.cpp, line 710]
Event: 3.943 Thread 0x00000253af585800 Exception <a 'java/io/FileNotFoundException'> (0x00000000d74bd650) thrown at [C:\jenkins\workspace\8-2-build-windows-amd64-cygwin\jdk8u261\295\hotspot\src\share\vm\prims\jni.cpp, line 710]
Event: 6.854 Thread 0x00000253af585800 Exception <a 'java/io/FileNotFoundException'> (0x00000000d7c59370) thrown at [C:\jenkins\workspace\8-2-build-windows-amd64-cygwin\jdk8u261\295\hotspot\src\share\vm\prims\jni.cpp, line 710]
Event: 7.152 Thread 0x00000253af585800 Exception <a 'java/io/FileNotFoundException'> (0x00000000d7c6f730) thrown at [C:\jenkins\workspace\8-2-build-windows-amd64-cygwin\jdk8u261\295\hotspot\src\share\vm\prims\jni.cpp, line 710]
Event: 7.157 Thread 0x00000253af585800 Exception <a 'java/io/FileNotFoundException'> (0x00000000d7c7fb38) thrown at [C:\jenkins\workspace\8-2-build-windows-amd64-cygwin\jdk8u261\295\hotspot\src\share\vm\prims\jni.cpp, line 710]
Event: 7.458 Thread 0x00000253af585800 Exception <a 'java/io/FileNotFoundException'> (0x00000000d7c95ef8) thrown at [C:\jenkins\workspace\8-2-build-windows-amd64-cygwin\jdk8u261\295\hotspot\src\share\vm\prims\jni.cpp, line 710]
Event: 7.460 Thread 0x00000253af585800 Exception <a 'java/io/FileNotFoundException'> (0x00000000d7ca60f0) thrown at [C:\jenkins\workspace\8-2-build-windows-amd64-cygwin\jdk8u261\295\hotspot\src\share\vm\prims\jni.cpp, line 710]
Event: 7.766 Thread 0x00000253af585800 Exception <a 'java/io/FileNotFoundException'> (0x00000000d7cbc4c8) thrown at [C:\jenkins\workspace\8-2-build-windows-amd64-cygwin\jdk8u261\295\hotspot\src\share\vm\prims\jni.cpp, line 710]
Event: 7.768 Thread 0x00000253af585800 Exception <a 'java/io/FileNotFoundException'> (0x00000000d7cd43a0) thrown at [C:\jenkins\workspace\8-2-build-windows-amd64-cygwin\jdk8u261\295\hotspot\src\share\vm\prims\jni.cpp, line 710]
Event: 8.056 Thread 0x00000253af585800 Exception <a 'java/io/FileNotFoundException'> (0x00000000d7cea760) thrown at [C:\jenkins\workspace\8-2-build-windows-amd64-cygwin\jdk8u261\295\hotspot\src\share\vm\prims\jni.cpp, line 710]

Events (10 events):
Event: 8.130 loading class gnu/io/RXTXPort$MonitorThread done
Event: 8.131 Thread 0x00000253b012b800 Thread added: 0x00000253b012b800
Event: 8.138 Thread 0x00000253af585800 Uncommon trap: trap_request=0xffffff65 fr.pc=0x0000025399cf4a94
Event: 8.138 Thread 0x00000253af585800 DEOPT PACKING pc=0x0000025399cf4a94 sp=0x000000f75f0fe1b0
Event: 8.138 Thread 0x00000253af585800 DEOPT UNPACKING pc=0x00000253998c5843 sp=0x000000f75f0fe118 mode 2
Event: 8.139 loading class gnu/io/SerialPortEvent
Event: 8.139 loading class gnu/io/SerialPortEvent done
Event: 8.143 Thread 0x00000253af585800 Uncommon trap: trap_request=0xffffff65 fr.pc=0x0000025399cee2d8
Event: 8.143 Thread 0x00000253af585800 DEOPT PACKING pc=0x0000025399cee2d8 sp=0x000000f75f0fe2c0
Event: 8.143 Thread 0x00000253af585800 DEOPT UNPACKING pc=0x00000253998c5843 sp=0x000000f75f0fe250 mode 2


Dynamic libraries:
0x00007ff771010000 - 0x00007ff771057000 	C:\Program Files (x86)\Common Files\Oracle\Java\javapath\javaw.exe
0x00007ffbfc490000 - 0x00007ffbfc686000 	C:\WINDOWS\SYSTEM32\ntdll.dll
0x00007ffbfbad0000 - 0x00007ffbfbb8d000 	C:\WINDOWS\System32\KERNEL32.DLL
0x00007ffbfa100000 - 0x00007ffbfa3c8000 	C:\WINDOWS\System32\KERNELBASE.dll
0x00007ffbfaa00000 - 0x00007ffbfaaaa000 	C:\WINDOWS\System32\ADVAPI32.dll
0x00007ffbfbec0000 - 0x00007ffbfbf5e000 	C:\WINDOWS\System32\msvcrt.dll
0x00007ffbfbca0000 - 0x00007ffbfbd3b000 	C:\WINDOWS\System32\sechost.dll
0x00007ffbfb9a0000 - 0x00007ffbfbac4000 	C:\WINDOWS\System32\RPCRT4.dll
0x00007ffbfa500000 - 0x00007ffbfa6a0000 	C:\WINDOWS\System32\USER32.dll
0x00007ffbf9de0000 - 0x00007ffbf9e02000 	C:\WINDOWS\System32\win32u.dll
0x00007ffbfb1f0000 - 0x00007ffbfb21a000 	C:\WINDOWS\System32\GDI32.dll
0x00007ffbf9e10000 - 0x00007ffbf9f19000 	C:\WINDOWS\System32\gdi32full.dll
0x00007ffbf9be0000 - 0x00007ffbf9c7d000 	C:\WINDOWS\System32\msvcp_win.dll
0x00007ffbf9f80000 - 0x00007ffbfa080000 	C:\WINDOWS\System32\ucrtbase.dll
0x00007ffbe9110000 - 0x00007ffbe93ab000 	C:\WINDOWS\WinSxS\amd64_microsoft.windows.common-controls_6595b64144ccf1df_6.0.19041.488_none_ca04af081b815d21\COMCTL32.dll
0x00007ffbfa820000 - 0x00007ffbfa850000 	C:\WINDOWS\System32\IMM32.DLL
0x00007ffbf47a0000 - 0x00007ffbf47b5000 	C:\Program Files\Java\jre1.8.0_261\bin\vcruntime140.dll
0x00007ffbc14b0000 - 0x00007ffbc154b000 	C:\Program Files\Java\jre1.8.0_261\bin\msvcp140.dll
0x0000000072d20000 - 0x000000007358c000 	C:\Program Files\Java\jre1.8.0_261\bin\server\jvm.dll
0x00007ffbfb410000 - 0x00007ffbfb418000 	C:\WINDOWS\System32\PSAPI.DLL
0x00007ffbf1fd0000 - 0x00007ffbf1fda000 	C:\WINDOWS\SYSTEM32\VERSION.dll
0x00007ffbe8970000 - 0x00007ffbe8997000 	C:\WINDOWS\SYSTEM32\WINMM.dll
0x00007ffbe6ba0000 - 0x00007ffbe6ba9000 	C:\WINDOWS\SYSTEM32\WSOCK32.dll
0x00007ffbfb930000 - 0x00007ffbfb99b000 	C:\WINDOWS\System32\WS2_32.dll
0x00007ffbf7af0000 - 0x00007ffbf7b02000 	C:\WINDOWS\SYSTEM32\kernel.appcore.dll
0x00007ffbf56d0000 - 0x00007ffbf56e0000 	C:\Program Files\Java\jre1.8.0_261\bin\verify.dll
0x00007ffbd4fe0000 - 0x00007ffbd500b000 	C:\Program Files\Java\jre1.8.0_261\bin\java.dll
0x00007ffbec730000 - 0x00007ffbec748000 	C:\Program Files\Java\jre1.8.0_261\bin\zip.dll
0x00007ffbfaab0000 - 0x00007ffbfb1f0000 	C:\WINDOWS\System32\SHELL32.dll
0x00007ffbf7cf0000 - 0x00007ffbf8484000 	C:\WINDOWS\SYSTEM32\windows.storage.dll
0x00007ffbfb420000 - 0x00007ffbfb775000 	C:\WINDOWS\System32\combase.dll
0x00007ffbf94b0000 - 0x00007ffbf94dc000 	C:\WINDOWS\SYSTEM32\Wldp.dll
0x00007ffbfb870000 - 0x00007ffbfb91e000 	C:\WINDOWS\System32\SHCORE.dll
0x00007ffbfb3b0000 - 0x00007ffbfb405000 	C:\WINDOWS\System32\shlwapi.dll
0x00007ffbf9b10000 - 0x00007ffbf9b36000 	C:\WINDOWS\SYSTEM32\profapi.dll
0x00007ffbbb410000 - 0x00007ffbbb5a4000 	C:\Program Files\Java\jre1.8.0_261\bin\awt.dll
0x00007ffbfbdf0000 - 0x00007ffbfbebd000 	C:\WINDOWS\System32\OLEAUT32.dll
0x00007ffbf7510000 - 0x00007ffbf75a0000 	C:\WINDOWS\SYSTEM32\apphelp.dll
0x00007ffbf7630000 - 0x00007ffbf76cf000 	C:\WINDOWS\system32\uxtheme.dll
0x00007ffbfa700000 - 0x00007ffbfa815000 	C:\WINDOWS\System32\MSCTF.dll
0x00007ffbfb280000 - 0x00007ffbfb3aa000 	C:\WINDOWS\System32\ole32.dll
0x00007ffbfa480000 - 0x00007ffbfa4ff000 	C:\WINDOWS\System32\bcryptPrimitives.dll
0x00007ffbf7910000 - 0x00007ffbf793f000 	C:\WINDOWS\system32\DWMAPI.DLL
0x00007ffbd5ef0000 - 0x00007ffbd6015000 	C:\WINDOWS\system32\opengl32.dll
0x00007ffbd7d30000 - 0x00007ffbd7d5c000 	C:\WINDOWS\SYSTEM32\GLU32.dll
0x00007ffbd4780000 - 0x00007ffbd47c9000 	C:\Program Files\Java\jre1.8.0_261\bin\fontmanager.dll
0x0000000010000000 - 0x000000001005a000 	C:\Users\Oizom\Documents\GitHub\uDrone\firmware\MultiWiiConf\MultiWiiConf\application.windows64\jogl.dll
0x0000000073980000 - 0x0000000073a49000 	C:\WINDOWS\WinSxS\amd64_microsoft.vc80.crt_1fc8b3b9a1e18e3b_8.0.50727.9672_none_88e266cb2fac7c0d\MSVCR80.dll
0x00007ffbf3620000 - 0x00007ffbf3627000 	C:\Program Files\Java\jre1.8.0_261\bin\jawt.dll
0x00007ffbdc9a0000 - 0x00007ffbdca9c000 	C:\WINDOWS\SYSTEM32\textinputframework.dll
0x00007ffbf72e0000 - 0x00007ffbf73d2000 	C:\WINDOWS\System32\CoreMessaging.dll
0x00007ffbf6c00000 - 0x00007ffbf6f5e000 	C:\WINDOWS\System32\CoreUIComponents.dll
0x00007ffbf5b90000 - 0x00007ffbf5ce6000 	C:\WINDOWS\SYSTEM32\wintypes.dll
0x00007ffbf88e0000 - 0x00007ffbf8913000 	C:\WINDOWS\SYSTEM32\ntmarta.dll
0x0000000000d40000 - 0x0000000000d47000 	C:\Users\Oizom\Documents\GitHub\uDrone\firmware\MultiWiiConf\MultiWiiConf\application.windows64\jogl_awt.dll
0x00007ffbfbd40000 - 0x00007ffbfbde9000 	C:\WINDOWS\System32\clbcatq.dll
0x00007ffbf2ec0000 - 0x00007ffbf2fba000 	C:\Windows\System32\AppXDeploymentClient.dll
0x00007ffb9efe0000 - 0x00007ffb9fef7000 	C:\WINDOWS\System32\DriverStore\FileRepository\igdlh64.inf_amd64_6742a32d2d482a17\ig9icd64.dll
0x00007ffbf84f0000 - 0x00007ffbf85e3000 	C:\WINDOWS\system32\dxgi.dll
0x00007ffbef900000 - 0x00007ffbefaa4000 	C:\WINDOWS\System32\DriverStore\FileRepository\igdlh64.inf_amd64_6742a32d2d482a17\igdgmm64.dll
0x00007ffbed2f0000 - 0x00007ffbef8f1000 	C:\WINDOWS\System32\DriverStore\FileRepository\igdlh64.inf_amd64_6742a32d2d482a17\igc64.dll
0x00007ffbf9a40000 - 0x00007ffbf9a8b000 	C:\WINDOWS\SYSTEM32\powrprof.dll
0x00007ffbf9a20000 - 0x00007ffbf9a32000 	C:\WINDOWS\SYSTEM32\UMPDC.dll
0x00007ffbe89a0000 - 0x00007ffbe8cfb000 	C:\WINDOWS\System32\DriverStore\FileRepository\igdlh64.inf_amd64_6742a32d2d482a17\igdml64.dll
0x00007ffbdf1b0000 - 0x00007ffbdf1cc000 	C:\Program Files\Java\jre1.8.0_261\bin\net.dll
0x00007ffbf92a0000 - 0x00007ffbf930a000 	C:\WINDOWS\system32\mswsock.dll
0x00007ffbd4760000 - 0x00007ffbd4773000 	C:\Program Files\Java\jre1.8.0_261\bin\nio.dll
0x00007ffbd3a50000 - 0x00007ffbd3a93000 	C:\Program Files\Java\jre1.8.0_261\bin\t2k.dll
0x0000000180000000 - 0x0000000180025000 	C:\Users\Oizom\Documents\GitHub\uDrone\firmware\MultiWiiConf\MultiWiiConf\application.windows64\rxtxSerial.dll
0x00007ffbf1630000 - 0x00007ffbf1814000 	C:\WINDOWS\SYSTEM32\dbghelp.dll

VM Arguments:
java_command: MultiWiiConf
java_class_path (initial): C:\Users\Oizom\Documents\GitHub\uDrone\firmware\MultiWiiConf\MultiWiiConf\application.windows64\lib\MultiWiiConf.jar;C:\Users\Oizom\Documents\GitHub\uDrone\firmware\MultiWiiConf\MultiWiiConf\application.windows64\lib\core.jar;C:\Users\Oizom\Documents\GitHub\uDrone\firmware\MultiWiiConf\MultiWiiConf\application.windows64\lib\RXTXcomm.jar;C:\Users\Oizom\Documents\GitHub\uDrone\firmware\MultiWiiConf\MultiWiiConf\application.windows64\lib\serial.jar;C:\Users\Oizom\Documents\GitHub\uDrone\firmware\MultiWiiConf\MultiWiiConf\application.windows64\lib\controlP5.jar;C:\Users\Oizom\Documents\GitHub\uDrone\firmware\MultiWiiConf\MultiWiiConf\application.windows64\lib\gluegen-rt.jar;C:\Users\Oizom\Documents\GitHub\uDrone\firmware\MultiWiiConf\MultiWiiConf\application.windows64\lib\jogl.jar;C:\Users\Oizom\Documents\GitHub\uDrone\firmware\MultiWiiConf\MultiWiiConf\application.windows64\lib\opengl.jar
Launcher Type: SUN_STANDARD

Environment Variables:
CLASSPATH=C:\Users\Oizom\Documents\GitHub\uDrone\firmware\MultiWiiConf\MultiWiiConf\application.windows64\lib\MultiWiiConf.jar;C:\Users\Oizom\Documents\GitHub\uDrone\firmware\MultiWiiConf\MultiWiiConf\application.windows64\lib\core.jar;C:\Users\Oizom\Documents\GitHub\uDrone\firmware\MultiWiiConf\MultiWiiConf\application.windows64\lib\RXTXcomm.jar;C:\Users\Oizom\Documents\GitHub\uDrone\firmware\MultiWiiConf\MultiWiiConf\application.windows64\lib\serial.jar;C:\Users\Oizom\Documents\GitHub\uDrone\firmware\MultiWiiConf\MultiWiiConf\application.windows64\lib\controlP5.jar;C:\Users\Oizom\Documents\GitHub\uDrone\firmware\MultiWiiConf\MultiWiiConf\application.windows64\lib\gluegen-rt.jar;C:\Users\Oizom\Documents\GitHub\uDrone\firmware\MultiWiiConf\MultiWiiConf\application.windows64\lib\jogl.jar;C:\Users\Oizom\Documents\GitHub\uDrone\firmware\MultiWiiConf\MultiWiiConf\application.windows64\lib\opengl.jar
PATH=C:\Python27;C:\Python27\Scripts;C:\Program Files (x86)\STMicroelectronics\st_toolset\asm;C:\Program Files (x86)\Common Files\Oracle\Java\javapath;C:\WINDOWS\system32;C:\WINDOWS;C:\WINDOWS\System32\Wbem;C:\WINDOWS\System32\WindowsPowerShell\v1.0;C:\Program Files\Git\cmd;C:\Program Files\Docker\Docker\resources\bin;C:\ProgramData\DockerDesktop\version-bin;C:\Program Files\nodejs;C:\Program Files\Intel\WiFi\bin;C:\Program Files\Common Files\Intel\WirelessCommon;C:\Program Files (x86)\Intel\Intel(R) Management Engine Components\DAL;C:\Program Files\Intel\Intel(R) Management Engine Components\DAL;C:\Users\Oizom\Desktop\esp-idf\tools;C:\Users\Oizom\AppData\Local\Programs\Python\Python38-32;C:\Users\Oizom\flutter\bin;C:\Users\Oizom\AppData\Local\particle\bin;C:\OpenSSL-Win32\bin;C:\Users\Oizom\AppData\Local\GitHubDesktop\bin;C:\Users\Oizom\AppData\Local\atom\bin;C:\Users\Oizom\.espressif\tools\ninja\1.9.0;C:\Users\Oizom\AppData\Local\Programs\Microsoft VS Code\bin;C:\Users\Oizom\.espressif\tools\cmake\3.13.4\bin
USERNAME=Oizom
OS=Windows_NT
PROCESSOR_IDENTIFIER=Intel64 Family 6 Model 78 Stepping 3, GenuineIntel



---------------  S Y S T E M  ---------------

OS: Windows 10.0 , 64 bit Build 19041 (10.0.19041.546)

CPU:total 4 (initial active 4) (2 cores per cpu, 2 threads per core) family 6 model 78 stepping 3, cmov, cx8, fxsr, mmx, sse, sse2, sse3, ssse3, sse4.1, sse4.2, popcnt, avx, avx2, aes, clmul, erms, rtm, 3dnowpref, lzcnt, ht, tsc, tscinvbit, bmi1, bmi2, adx

Memory: 4k page, physical 8239268k(4689988k free), swap 14792868k(9024784k free)

vm_info: Java HotSpot(TM) 64-Bit Server VM (25.261-b12) for windows-amd64 JRE (1.8.0_261-b12), built on Jun 18 2020 06:56:32 by "" with unknown MS VC++:1916

time: Sun Oct 11 17:46:04 2020
timezone: India Standard Time
elapsed time: 8 seconds (0d 0h 0m 8s)

