#
# A fatal error has been detected by the Java Runtime Environment:
#
#  EXCEPTION_ACCESS_VIOLATION (0xc0000005) at pc=0x00000001800044cb, pid=14232, tid=0x0000000000002cc0
#
# JRE version: Java(TM) SE Runtime Environment (8.0_261-b12) (build 1.8.0_261-b12)
# Java VM: Java HotSpot(TM) 64-Bit Server VM (25.261-b12 mixed mode windows-amd64 compressed oops)
# Problematic frame:
# C  [rxtxSerial.dll+0x44cb]
#
# Failed to write core dump. Minidumps are not enabled by default on client versions of Windows
#
# If you would like to submit a bug report, please visit:
#   http://bugreport.java.com/bugreport/crash.jsp
# The crash happened outside the Java Virtual Machine in native code.
# See problematic frame for where to report the bug.
#

---------------  T H R E A D  ---------------

Current thread (0x000001d325d47800):  JavaThread "Animation Thread" [_thread_in_native, id=11456, stack(0x0000009cbad00000,0x0000009cbae00000)]

siginfo: ExceptionCode=0xc0000005, reading address 0xffffffffbacfee0c

Registers:
RAX=0x000000000000001c, RBX=0x0000000000000001, RCX=0x0000009cbadfeaec, RDX=0x0000000000000000
RSP=0x0000009cbadfe710, RBP=0x0000000000000001, RSI=0x0000000000000000, RDI=0x000001d325d479f8
R8 =0x0000009cbadfe3d0, R9 =0x0000000180000000, R10=0x0000000000000000, R11=0x0000000000000200
R12=0xffffffffbacfee00, R13=0x0000000000000000, R14=0x0000009cbadfec00, R15=0x000001d325d47800
RIP=0x00000001800044cb, EFLAGS=0x0000000000010286

Top of Stack: (sp=0x0000009cbadfe710)
0x0000009cbadfe710:   000001d32edefbb8 000000018001c4c0
0x0000009cbadfe720:   0000000000000000 0000000000000001
0x0000009cbadfe730:   000001d3239466d8 000001d325d47800
0x0000009cbadfe740:   0000009cbadfec00 000001d325d47800
0x0000009cbadfe750:   0000000100002368 0000000100002368
0x0000009cbadfe760:   000001d3239466d8 000001d325d47800
0x0000009cbadfe770:   0000fe3def53d030 000001d325d47800
0x0000009cbadfe780:   0000009cbadfe880 0000000072e6679c
0x0000009cbadfe790:   0000000000000000 0000000000000000
0x0000009cbadfe7a0:   000001d30e283930 0000000072f3be87
0x0000009cbadfe7b0:   00000000732d7ea0 0000000072f3da45
0x0000009cbadfe7c0:   0000000000000004 0000000000000004
0x0000009cbadfe7d0:   0000fe3def53d0d0 000001d325d47800
0x0000009cbadfe7e0:   000001d30e283930 0000000072deeed5
0x0000009cbadfe7f0:   000001d32edefbb8 0000009cbadfe880
0x0000009cbadfe800:   0000000000000000 0000009cbadfe950 

Instructions: (pc=0x00000001800044cb)
0x00000001800044ab:   1f 48 8b d3 48 8b cf 41 ff 93 b8 00 00 00 45 84
0x00000001800044bb:   ed 0f 85 b7 00 00 00 4d 85 e4 0f 84 ae 00 00 00
0x00000001800044cb:   41 83 7c 24 0c 00 0f 84 a2 00 00 00 48 8d 4c 24
0x00000001800044db:   38 49 8b d4 41 b8 40 03 00 00 e8 06 64 00 00 4c 


Register to memory mapping:

RAX=0x000000000000001c is an unknown value
RBX=0x0000000000000001 is an unknown value
RCX=0x0000009cbadfeaec is pointing into the stack for thread: 0x000001d325d47800
RDX=0x0000000000000000 is an unknown value
RSP=0x0000009cbadfe710 is pointing into the stack for thread: 0x000001d325d47800
RBP=0x0000000000000001 is an unknown value
RSI=0x0000000000000000 is an unknown value
RDI=0x000001d325d479f8 is an unknown value
R8 =0x0000009cbadfe3d0 is pointing into the stack for thread: 0x000001d325d47800
R9 =0x0000000180000000 is an unknown value
R10=0x0000000000000000 is an unknown value
R11=0x0000000000000200 is an unknown value
R12=0xffffffffbacfee00 is an unknown value
R13=0x0000000000000000 is an unknown value
R14=0x0000009cbadfec00 is pointing into the stack for thread: 0x000001d325d47800
R15=0x000001d325d47800 is a thread


Stack: [0x0000009cbad00000,0x0000009cbae00000],  sp=0x0000009cbadfe710,  free space=1017k
Native frames: (J=compiled Java code, j=interpreted, Vv=VM code, C=native code)
C  [rxtxSerial.dll+0x44cb]
C  0x000001d30fc29f4e

Java frames: (J=compiled Java code, j=interpreted, Vv=VM code)
j  gnu.io.RXTXPort.nativeDrain(Z)Z+0
j  gnu.io.RXTXPort$SerialOutputStream.flush()V+92
j  processing.serial.Serial.write([B)V+12
j  MultiWiiConf.sendRequestMSP(Ljava/util/List;)V+60
j  MultiWiiConf.draw()V+934
j  processing.core.PApplet.handleDraw()V+145
j  processing.core.PApplet.run()V+72
j  java.lang.Thread.run()V+11
v  ~StubRoutines::call_stub

---------------  P R O C E S S  ---------------

Java Threads: ( => current thread )
  0x000001d325d34000 JavaThread "Thread-3" [_thread_in_native, id=16640, stack(0x0000009cbac00000,0x0000009cbad00000)]
  0x000001d325d32800 JavaThread "DestroyJavaVM" [_thread_blocked, id=3952, stack(0x0000009cb9900000,0x0000009cb9a00000)]
=>0x000001d325d47800 JavaThread "Animation Thread" [_thread_in_native, id=11456, stack(0x0000009cbad00000,0x0000009cbae00000)]
  0x000001d325922800 JavaThread "AWT-EventQueue-0" [_thread_blocked, id=11784, stack(0x0000009cbab00000,0x0000009cbac00000)]
  0x000001d3258f0800 JavaThread "AWT-Windows" daemon [_thread_in_native, id=17056, stack(0x0000009cbaa00000,0x0000009cbab00000)]
  0x000001d3258ec800 JavaThread "AWT-Shutdown" [_thread_blocked, id=15600, stack(0x0000009cba900000,0x0000009cbaa00000)]
  0x000001d3258ec000 JavaThread "Java2D Disposer" daemon [_thread_blocked, id=6236, stack(0x0000009cba800000,0x0000009cba900000)]
  0x000001d324a05800 JavaThread "Service Thread" daemon [_thread_blocked, id=12336, stack(0x0000009cba600000,0x0000009cba700000)]
  0x000001d324981000 JavaThread "C1 CompilerThread2" daemon [_thread_blocked, id=15768, stack(0x0000009cba500000,0x0000009cba600000)]
  0x000001d324979800 JavaThread "C2 CompilerThread1" daemon [_thread_blocked, id=12004, stack(0x0000009cba400000,0x0000009cba500000)]
  0x000001d324976000 JavaThread "C2 CompilerThread0" daemon [_thread_blocked, id=12540, stack(0x0000009cba300000,0x0000009cba400000)]
  0x000001d324972800 JavaThread "Attach Listener" daemon [_thread_blocked, id=8528, stack(0x0000009cba200000,0x0000009cba300000)]
  0x000001d324971800 JavaThread "Signal Dispatcher" daemon [_thread_blocked, id=14244, stack(0x0000009cba100000,0x0000009cba200000)]
  0x000001d32422d800 JavaThread "Finalizer" daemon [_thread_blocked, id=2828, stack(0x0000009cba000000,0x0000009cba100000)]
  0x000001d324935000 JavaThread "Reference Handler" daemon [_thread_blocked, id=16220, stack(0x0000009cb9f00000,0x0000009cba000000)]

Other Threads:
  0x000001d324932000 VMThread [stack: 0x0000009cb9e00000,0x0000009cb9f00000] [id=4992]
  0x000001d324a28800 WatcherThread [stack: 0x0000009cba700000,0x0000009cba800000] [id=13316]

VM state:not at safepoint (normal execution)

VM Mutex/Monitor currently owned by a thread: None

heap address: 0x0000000082400000, size: 2012 MB, Compressed Oops mode: 32-bit
Narrow klass base: 0x0000000000000000, Narrow klass shift: 3
Compressed class space size: 1073741824 Address: 0x0000000100000000

Heap:
 PSYoungGen      total 37888K, used 33342K [0x00000000d6180000, 0x00000000dab80000, 0x0000000100000000)
  eden space 32768K, 91% used [0x00000000d6180000,0x00000000d7eae770,0x00000000d8180000)
  from space 5120K, 67% used [0x00000000d8180000,0x00000000d84e1100,0x00000000d8680000)
  to   space 5120K, 0% used [0x00000000da680000,0x00000000da680000,0x00000000dab80000)
 ParOldGen       total 86016K, used 24K [0x0000000082400000, 0x0000000087800000, 0x00000000d6180000)
  object space 86016K, 0% used [0x0000000082400000,0x0000000082406000,0x0000000087800000)
 Metaspace       used 13307K, capacity 13532K, committed 13696K, reserved 1060864K
  class space    used 1336K, capacity 1399K, committed 1408K, reserved 1048576K

Card table byte_map: [0x000001d31efd0000,0x000001d31f3c0000] byte_map_base: 0x000001d31ebbe000

Marking Bits: (ParMarkBitMap*) 0x0000000073514fb0
 Begin Bits: [0x000001d31f660000, 0x000001d3215d0000)
 End Bits:   [0x000001d3215d0000, 0x000001d323540000)

Polling page: 0x000001d30e3c0000

CodeCache: size=245760Kb used=4918Kb max_used=4927Kb free=240841Kb
 bounds [0x000001d30fc10000, 0x000001d3100f0000, 0x000001d31ec10000]
 total_blobs=2154 nmethods=1432 adapters=634
 compilation: enabled

Compilation events (10 events):
Event: 8.816 Thread 0x000001d324981000 nmethod 1428 0x000001d3100d89d0 code [0x000001d3100d8b20, 0x000001d3100d8cf8]
Event: 8.881 Thread 0x000001d324981000 1429  s    3       sun.java2d.ScreenUpdateManager::getInstance (39 bytes)
Event: 8.882 Thread 0x000001d324981000 nmethod 1429 0x000001d3100dd010 code [0x000001d3100dd240, 0x000001d3100de0d0]
Event: 8.882 Thread 0x000001d324981000 1430       1       sun.java2d.SurfaceData::getDefaultScale (2 bytes)
Event: 8.882 Thread 0x000001d324981000 nmethod 1430 0x000001d3100dcd50 code [0x000001d3100dcea0, 0x000001d3100dcfb8]
Event: 8.882 Thread 0x000001d324979800 nmethod 1427 0x000001d3100e12d0 code [0x000001d3100e14e0, 0x000001d3100e29f0]
Event: 8.918 Thread 0x000001d324976000 1431       4       processing.core.PGraphics::sphere (655 bytes)
Event: 8.926 Thread 0x000001d324981000 1432       1       sun.awt.windows.WObjectPeer::getStateLock (5 bytes)
Event: 8.926 Thread 0x000001d324981000 nmethod 1432 0x000001d3100da510 code [0x000001d3100da660, 0x000001d3100da778]
Event: 8.942 Thread 0x000001d324976000 nmethod 1431 0x000001d3100e4550 code [0x000001d3100e4840, 0x000001d3100e5d30]

GC Heap History (6 events):
Event: 2.164 GC heap before
{Heap before GC invocations=1 (full 0):
 PSYoungGen      total 37888K, used 32768K [0x00000000d6180000, 0x00000000d8b80000, 0x0000000100000000)
  eden space 32768K, 100% used [0x00000000d6180000,0x00000000d8180000,0x00000000d8180000)
  from space 5120K, 0% used [0x00000000d8680000,0x00000000d8680000,0x00000000d8b80000)
  to   space 5120K, 0% used [0x00000000d8180000,0x00000000d8180000,0x00000000d8680000)
 ParOldGen       total 86016K, used 0K [0x0000000082400000, 0x0000000087800000, 0x00000000d6180000)
  object space 86016K, 0% used [0x0000000082400000,0x0000000082400000,0x0000000087800000)
 Metaspace       used 12256K, capacity 12428K, committed 12672K, reserved 1060864K
  class space    used 1273K, capacity 1361K, committed 1408K, reserved 1048576K
Event: 2.174 GC heap after
Heap after GC invocations=1 (full 0):
 PSYoungGen      total 37888K, used 4812K [0x00000000d6180000, 0x00000000d8b80000, 0x0000000100000000)
  eden space 32768K, 0% used [0x00000000d6180000,0x00000000d6180000,0x00000000d8180000)
  from space 5120K, 94% used [0x00000000d8180000,0x00000000d8633360,0x00000000d8680000)
  to   space 5120K, 0% used [0x00000000d8680000,0x00000000d8680000,0x00000000d8b80000)
 ParOldGen       total 86016K, used 8K [0x0000000082400000, 0x0000000087800000, 0x00000000d6180000)
  object space 86016K, 0% used [0x0000000082400000,0x0000000082402000,0x0000000087800000)
 Metaspace       used 12256K, capacity 12428K, committed 12672K, reserved 1060864K
  class space    used 1273K, capacity 1361K, committed 1408K, reserved 1048576K
}
Event: 2.201 GC heap before
{Heap before GC invocations=2 (full 0):
 PSYoungGen      total 37888K, used 37580K [0x00000000d6180000, 0x00000000d8b80000, 0x0000000100000000)
  eden space 32768K, 100% used [0x00000000d6180000,0x00000000d8180000,0x00000000d8180000)
  from space 5120K, 94% used [0x00000000d8180000,0x00000000d8633360,0x00000000d8680000)
  to   space 5120K, 0% used [0x00000000d8680000,0x00000000d8680000,0x00000000d8b80000)
 ParOldGen       total 86016K, used 8K [0x0000000082400000, 0x0000000087800000, 0x00000000d6180000)
  object space 86016K, 0% used [0x0000000082400000,0x0000000082402000,0x0000000087800000)
 Metaspace       used 12269K, capacity 12428K, committed 12672K, reserved 1060864K
  class space    used 1274K, capacity 1361K, committed 1408K, reserved 1048576K
Event: 2.207 GC heap after
Heap after GC invocations=2 (full 0):
 PSYoungGen      total 37888K, used 3444K [0x00000000d6180000, 0x00000000dab80000, 0x0000000100000000)
  eden space 32768K, 0% used [0x00000000d6180000,0x00000000d6180000,0x00000000d8180000)
  from space 5120K, 67% used [0x00000000d8680000,0x00000000d89dd0f0,0x00000000d8b80000)
  to   space 5120K, 0% used [0x00000000d8180000,0x00000000d8180000,0x00000000d8680000)
 ParOldGen       total 86016K, used 16K [0x0000000082400000, 0x0000000087800000, 0x00000000d6180000)
  object space 86016K, 0% used [0x0000000082400000,0x0000000082404000,0x0000000087800000)
 Metaspace       used 12269K, capacity 12428K, committed 12672K, reserved 1060864K
  class space    used 1274K, capacity 1361K, committed 1408K, reserved 1048576K
}
Event: 2.223 GC heap before
{Heap before GC invocations=3 (full 0):
 PSYoungGen      total 37888K, used 36212K [0x00000000d6180000, 0x00000000dab80000, 0x0000000100000000)
  eden space 32768K, 100% used [0x00000000d6180000,0x00000000d8180000,0x00000000d8180000)
  from space 5120K, 67% used [0x00000000d8680000,0x00000000d89dd0f0,0x00000000d8b80000)
  to   space 5120K, 0% used [0x00000000d8180000,0x00000000d8180000,0x00000000d8680000)
 ParOldGen       total 86016K, used 16K [0x0000000082400000, 0x0000000087800000, 0x00000000d6180000)
  object space 86016K, 0% used [0x0000000082400000,0x0000000082404000,0x0000000087800000)
 Metaspace       used 12269K, capacity 12428K, committed 12672K, reserved 1060864K
  class space    used 1274K, capacity 1361K, committed 1408K, reserved 1048576K
Event: 2.231 GC heap after
Heap after GC invocations=3 (full 0):
 PSYoungGen      total 37888K, used 3460K [0x00000000d6180000, 0x00000000dab80000, 0x0000000100000000)
  eden space 32768K, 0% used [0x00000000d6180000,0x00000000d6180000,0x00000000d8180000)
  from space 5120K, 67% used [0x00000000d8180000,0x00000000d84e1100,0x00000000d8680000)
  to   space 5120K, 0% used [0x00000000da680000,0x00000000da680000,0x00000000dab80000)
 ParOldGen       total 86016K, used 24K [0x0000000082400000, 0x0000000087800000, 0x00000000d6180000)
  object space 86016K, 0% used [0x0000000082400000,0x0000000082406000,0x0000000087800000)
 Metaspace       used 12269K, capacity 12428K, committed 12672K, reserved 1060864K
  class space    used 1274K, capacity 1361K, committed 1408K, reserved 1048576K
}

Deoptimization events (10 events):
Event: 0.696 Thread 0x000001d325d47800 Uncommon trap: reason=unstable_if action=reinterpret pc=0x000001d30fe22af8 method=java.lang.String.<init>([CII)V @ 18
Event: 0.703 Thread 0x000001d325d47800 Uncommon trap: reason=unstable_if action=reinterpret pc=0x000001d30fe05520 method=java.lang.String.indexOf([CII[CIII)I @ 3
Event: 5.626 Thread 0x000001d325d47800 Uncommon trap: reason=class_check action=maybe_recompile pc=0x000001d310059b3c method=controlP5.Controller.inside()Z @ 89
Event: 5.626 Thread 0x000001d325d47800 Uncommon trap: reason=class_check action=maybe_recompile pc=0x000001d310059b3c method=controlP5.Controller.inside()Z @ 89
Event: 5.626 Thread 0x000001d325d47800 Uncommon trap: reason=class_check action=maybe_recompile pc=0x000001d310059b3c method=controlP5.Controller.inside()Z @ 89
Event: 5.626 Thread 0x000001d325d47800 Uncommon trap: reason=unstable_if action=reinterpret pc=0x000001d310045624 method=controlP5.Controller.updateEvents()Ljava/lang/Object; @ 292
Event: 5.677 Thread 0x000001d325d47800 Uncommon trap: reason=unstable_if action=reinterpret pc=0x000001d310059940 method=controlP5.Controller.inside()Z @ 99
Event: 5.677 Thread 0x000001d325d47800 Uncommon trap: reason=predicate action=maybe_recompile pc=0x000001d30fe64700 method=java.util.ArrayList.indexOf(Ljava/lang/Object;)I @ 44
Event: 7.015 Thread 0x000001d325d47800 Uncommon trap: reason=unstable_if action=reinterpret pc=0x000001d3100767bc method=java.lang.Integer.getChars(II[C)V @ 20
Event: 7.021 Thread 0x000001d325d47800 Uncommon trap: reason=unstable_if action=reinterpret pc=0x000001d310073b50 method=java.lang.Integer.getChars(II[C)V @ 20

Classes redefined (0 events):
No events

Internal exceptions (10 events):
Event: 1.430 Thread 0x000001d325d47800 Exception <a 'java/io/FileNotFoundException'> (0x00000000d7451440) thrown at [C:\jenkins\workspace\8-2-build-windows-amd64-cygwin\jdk8u261\295\hotspot\src\share\vm\prims\jni.cpp, line 710]
Event: 1.658 Thread 0x000001d325d47800 Exception <a 'java/io/FileNotFoundException'> (0x00000000d7467618) thrown at [C:\jenkins\workspace\8-2-build-windows-amd64-cygwin\jdk8u261\295\hotspot\src\share\vm\prims\jni.cpp, line 710]
Event: 1.659 Thread 0x000001d325d47800 Exception <a 'java/io/FileNotFoundException'> (0x00000000d7477238) thrown at [C:\jenkins\workspace\8-2-build-windows-amd64-cygwin\jdk8u261\295\hotspot\src\share\vm\prims\jni.cpp, line 710]
Event: 1.862 Thread 0x000001d325d47800 Exception <a 'java/io/FileNotFoundException'> (0x00000000d748d410) thrown at [C:\jenkins\workspace\8-2-build-windows-amd64-cygwin\jdk8u261\295\hotspot\src\share\vm\prims\jni.cpp, line 710]
Event: 1.865 Thread 0x000001d325d47800 Exception <a 'java/io/FileNotFoundException'> (0x00000000d74a6f28) thrown at [C:\jenkins\workspace\8-2-build-windows-amd64-cygwin\jdk8u261\295\hotspot\src\share\vm\prims\jni.cpp, line 710]
Event: 2.097 Thread 0x000001d325d47800 Exception <a 'java/io/FileNotFoundException'> (0x00000000d74bd120) thrown at [C:\jenkins\workspace\8-2-build-windows-amd64-cygwin\jdk8u261\295\hotspot\src\share\vm\prims\jni.cpp, line 710]
Event: 6.515 Thread 0x000001d325d47800 Exception <a 'java/io/FileNotFoundException'> (0x00000000d7d13fc8) thrown at [C:\jenkins\workspace\8-2-build-windows-amd64-cygwin\jdk8u261\295\hotspot\src\share\vm\prims\jni.cpp, line 710]
Event: 6.735 Thread 0x000001d325d47800 Exception <a 'java/io/FileNotFoundException'> (0x00000000d7d2a6c8) thrown at [C:\jenkins\workspace\8-2-build-windows-amd64-cygwin\jdk8u261\295\hotspot\src\share\vm\prims\jni.cpp, line 710]
Event: 6.737 Thread 0x000001d325d47800 Exception <a 'java/io/FileNotFoundException'> (0x00000000d7d425a0) thrown at [C:\jenkins\workspace\8-2-build-windows-amd64-cygwin\jdk8u261\295\hotspot\src\share\vm\prims\jni.cpp, line 710]
Event: 6.968 Thread 0x000001d325d47800 Exception <a 'java/io/FileNotFoundException'> (0x00000000d7d58970) thrown at [C:\jenkins\workspace\8-2-build-windows-amd64-cygwin\jdk8u261\295\hotspot\src\share\vm\prims\jni.cpp, line 710]

Events (10 events):
Event: 7.015 Thread 0x000001d325d47800 Uncommon trap: trap_request=0xffffff65 fr.pc=0x000001d3100767bc
Event: 7.015 Thread 0x000001d325d47800 DEOPT PACKING pc=0x000001d3100767bc sp=0x0000009cbadfe0a0
Event: 7.015 Thread 0x000001d325d47800 DEOPT UNPACKING pc=0x000001d30fc55843 sp=0x0000009cbadfdfe8 mode 2
Event: 7.016 loading class gnu/io/SerialPortEvent
Event: 7.016 loading class gnu/io/SerialPortEvent done
Event: 7.021 Thread 0x000001d325d47800 Uncommon trap: trap_request=0xffffff65 fr.pc=0x000001d310073b50
Event: 7.021 Thread 0x000001d325d47800 DEOPT PACKING pc=0x000001d310073b50 sp=0x0000009cbadfe190
Event: 7.022 Thread 0x000001d325d47800 DEOPT UNPACKING pc=0x000001d30fc55843 sp=0x0000009cbadfe120 mode 2
Event: 8.918 Thread 0x000001d325d47800 DEOPT PACKING pc=0x000001d310063fd0 sp=0x0000009cbadfec00
Event: 8.918 Thread 0x000001d325d47800 DEOPT UNPACKING pc=0x000001d30fc57898 sp=0x0000009cbadfe970 mode 0


Dynamic libraries:
0x00007ff771010000 - 0x00007ff771057000 	C:\Program Files (x86)\Common Files\Oracle\Java\javapath\javaw.exe
0x00007ffbfc490000 - 0x00007ffbfc686000 	C:\WINDOWS\SYSTEM32\ntdll.dll
0x00007ffbfbad0000 - 0x00007ffbfbb8d000 	C:\WINDOWS\System32\KERNEL32.DLL
0x00007ffbfa100000 - 0x00007ffbfa3c8000 	C:\WINDOWS\System32\KERNELBASE.dll
0x00007ffbf7510000 - 0x00007ffbf75a0000 	C:\WINDOWS\SYSTEM32\apphelp.dll
0x00007ffbfaa00000 - 0x00007ffbfaaaa000 	C:\WINDOWS\System32\ADVAPI32.dll
0x00007ffbfbec0000 - 0x00007ffbfbf5e000 	C:\WINDOWS\System32\msvcrt.dll
0x00007ffbfbca0000 - 0x00007ffbfbd3b000 	C:\WINDOWS\System32\sechost.dll
0x00007ffbfb9a0000 - 0x00007ffbfbac4000 	C:\WINDOWS\System32\RPCRT4.dll
0x00007ffbfa500000 - 0x00007ffbfa6a0000 	C:\WINDOWS\System32\USER32.dll
0x00007ffbf9de0000 - 0x00007ffbf9e02000 	C:\WINDOWS\System32\win32u.dll
0x00007ffbfb1f0000 - 0x00007ffbfb21a000 	C:\WINDOWS\System32\GDI32.dll
0x00007ffbf9e10000 - 0x00007ffbf9f19000 	C:\WINDOWS\System32\gdi32full.dll
0x00007ffbf9be0000 - 0x00007ffbf9c7d000 	C:\WINDOWS\System32\msvcp_win.dll
0x00007ffbf9f80000 - 0x00007ffbfa080000 	C:\WINDOWS\System32\ucrtbase.dll
0x00007ffbe9110000 - 0x00007ffbe93ab000 	C:\WINDOWS\WinSxS\amd64_microsoft.windows.common-controls_6595b64144ccf1df_6.0.19041.488_none_ca04af081b815d21\COMCTL32.dll
0x00007ffbfa820000 - 0x00007ffbfa850000 	C:\WINDOWS\System32\IMM32.DLL
0x00007ffbf47a0000 - 0x00007ffbf47b5000 	C:\Program Files\Java\jre1.8.0_261\bin\vcruntime140.dll
0x00007ffbc14b0000 - 0x00007ffbc154b000 	C:\Program Files\Java\jre1.8.0_261\bin\msvcp140.dll
0x0000000072d20000 - 0x000000007358c000 	C:\Program Files\Java\jre1.8.0_261\bin\server\jvm.dll
0x00007ffbfb410000 - 0x00007ffbfb418000 	C:\WINDOWS\System32\PSAPI.DLL
0x00007ffbe8970000 - 0x00007ffbe8997000 	C:\WINDOWS\SYSTEM32\WINMM.dll
0x00007ffbf1fd0000 - 0x00007ffbf1fda000 	C:\WINDOWS\SYSTEM32\VERSION.dll
0x00007ffbe6ba0000 - 0x00007ffbe6ba9000 	C:\WINDOWS\SYSTEM32\WSOCK32.dll
0x00007ffbfb930000 - 0x00007ffbfb99b000 	C:\WINDOWS\System32\WS2_32.dll
0x00007ffbf7af0000 - 0x00007ffbf7b02000 	C:\WINDOWS\SYSTEM32\kernel.appcore.dll
0x00007ffbf56d0000 - 0x00007ffbf56e0000 	C:\Program Files\Java\jre1.8.0_261\bin\verify.dll
0x00007ffbd4fe0000 - 0x00007ffbd500b000 	C:\Program Files\Java\jre1.8.0_261\bin\java.dll
0x00007ffbec730000 - 0x00007ffbec748000 	C:\Program Files\Java\jre1.8.0_261\bin\zip.dll
0x00007ffbfaab0000 - 0x00007ffbfb1f0000 	C:\WINDOWS\System32\SHELL32.dll
0x00007ffbf7cf0000 - 0x00007ffbf8484000 	C:\WINDOWS\SYSTEM32\windows.storage.dll
0x00007ffbfb420000 - 0x00007ffbfb775000 	C:\WINDOWS\System32\combase.dll
0x00007ffbf94b0000 - 0x00007ffbf94dc000 	C:\WINDOWS\SYSTEM32\Wldp.dll
0x00007ffbfb870000 - 0x00007ffbfb91e000 	C:\WINDOWS\System32\SHCORE.dll
0x00007ffbfb3b0000 - 0x00007ffbfb405000 	C:\WINDOWS\System32\shlwapi.dll
0x00007ffbf9b10000 - 0x00007ffbf9b36000 	C:\WINDOWS\SYSTEM32\profapi.dll
0x00007ffbbb410000 - 0x00007ffbbb5a4000 	C:\Program Files\Java\jre1.8.0_261\bin\awt.dll
0x00007ffbfbdf0000 - 0x00007ffbfbebd000 	C:\WINDOWS\System32\OLEAUT32.dll
0x00007ffbf7630000 - 0x00007ffbf76cf000 	C:\WINDOWS\system32\uxtheme.dll
0x00007ffbfa700000 - 0x00007ffbfa815000 	C:\WINDOWS\System32\MSCTF.dll
0x00007ffbfb280000 - 0x00007ffbfb3aa000 	C:\WINDOWS\System32\ole32.dll
0x00007ffbfa480000 - 0x00007ffbfa4ff000 	C:\WINDOWS\System32\bcryptPrimitives.dll
0x00007ffbf7910000 - 0x00007ffbf793f000 	C:\WINDOWS\system32\DWMAPI.DLL
0x00007ffbd5ef0000 - 0x00007ffbd6015000 	C:\WINDOWS\system32\opengl32.dll
0x00007ffbd7d30000 - 0x00007ffbd7d5c000 	C:\WINDOWS\SYSTEM32\GLU32.dll
0x00007ffbd4780000 - 0x00007ffbd47c9000 	C:\Program Files\Java\jre1.8.0_261\bin\fontmanager.dll
0x0000000010000000 - 0x000000001005a000 	C:\Users\Oizom\Documents\GitHub\uDrone\firmware\MultiWiiConf\MultiWiiConf\application.windows64\jogl.dll
0x0000000073980000 - 0x0000000073a49000 	C:\WINDOWS\WinSxS\amd64_microsoft.vc80.crt_1fc8b3b9a1e18e3b_8.0.50727.9672_none_88e266cb2fac7c0d\MSVCR80.dll
0x00007ffbf3620000 - 0x00007ffbf3627000 	C:\Program Files\Java\jre1.8.0_261\bin\jawt.dll
0x00000000000f0000 - 0x00000000000f7000 	C:\Users\Oizom\Documents\GitHub\uDrone\firmware\MultiWiiConf\MultiWiiConf\application.windows64\jogl_awt.dll
0x00007ffbdc9a0000 - 0x00007ffbdca9c000 	C:\WINDOWS\SYSTEM32\textinputframework.dll
0x00007ffbf6c00000 - 0x00007ffbf6f5e000 	C:\WINDOWS\System32\CoreUIComponents.dll
0x00007ffbf72e0000 - 0x00007ffbf73d2000 	C:\WINDOWS\System32\CoreMessaging.dll
0x00007ffbf88e0000 - 0x00007ffbf8913000 	C:\WINDOWS\SYSTEM32\ntmarta.dll
0x00007ffbf5b90000 - 0x00007ffbf5ce6000 	C:\WINDOWS\SYSTEM32\wintypes.dll
0x00007ffbfbd40000 - 0x00007ffbfbde9000 	C:\WINDOWS\System32\clbcatq.dll
0x00007ffbf2ec0000 - 0x00007ffbf2fba000 	C:\Windows\System32\AppXDeploymentClient.dll
0x00007ffb9efe0000 - 0x00007ffb9fef7000 	C:\WINDOWS\System32\DriverStore\FileRepository\igdlh64.inf_amd64_6742a32d2d482a17\ig9icd64.dll
0x00007ffbf84f0000 - 0x00007ffbf85e3000 	C:\WINDOWS\system32\dxgi.dll
0x00007ffbef900000 - 0x00007ffbefaa4000 	C:\WINDOWS\System32\DriverStore\FileRepository\igdlh64.inf_amd64_6742a32d2d482a17\igdgmm64.dll
0x00007ffbed2f0000 - 0x00007ffbef8f1000 	C:\WINDOWS\System32\DriverStore\FileRepository\igdlh64.inf_amd64_6742a32d2d482a17\igc64.dll
0x00007ffbf9a40000 - 0x00007ffbf9a8b000 	C:\WINDOWS\SYSTEM32\powrprof.dll
0x00007ffbf9a20000 - 0x00007ffbf9a32000 	C:\WINDOWS\SYSTEM32\UMPDC.dll
0x00007ffbe89a0000 - 0x00007ffbe8cfb000 	C:\WINDOWS\System32\DriverStore\FileRepository\igdlh64.inf_amd64_6742a32d2d482a17\igdml64.dll
0x00007ffbdf1b0000 - 0x00007ffbdf1cc000 	C:\Program Files\Java\jre1.8.0_261\bin\net.dll
0x00007ffbf92a0000 - 0x00007ffbf930a000 	C:\WINDOWS\system32\mswsock.dll
0x00007ffbd4760000 - 0x00007ffbd4773000 	C:\Program Files\Java\jre1.8.0_261\bin\nio.dll
0x00007ffbd3a50000 - 0x00007ffbd3a93000 	C:\Program Files\Java\jre1.8.0_261\bin\t2k.dll
0x0000000180000000 - 0x0000000180025000 	C:\Users\Oizom\Documents\GitHub\uDrone\firmware\MultiWiiConf\MultiWiiConf\application.windows64\rxtxSerial.dll
0x00007ffbf1630000 - 0x00007ffbf1814000 	C:\WINDOWS\SYSTEM32\dbghelp.dll

VM Arguments:
java_command: MultiWiiConf
java_class_path (initial): C:\Users\Oizom\Documents\GitHub\uDrone\firmware\MultiWiiConf\MultiWiiConf\application.windows64\lib\MultiWiiConf.jar;C:\Users\Oizom\Documents\GitHub\uDrone\firmware\MultiWiiConf\MultiWiiConf\application.windows64\lib\core.jar;C:\Users\Oizom\Documents\GitHub\uDrone\firmware\MultiWiiConf\MultiWiiConf\application.windows64\lib\RXTXcomm.jar;C:\Users\Oizom\Documents\GitHub\uDrone\firmware\MultiWiiConf\MultiWiiConf\application.windows64\lib\serial.jar;C:\Users\Oizom\Documents\GitHub\uDrone\firmware\MultiWiiConf\MultiWiiConf\application.windows64\lib\controlP5.jar;C:\Users\Oizom\Documents\GitHub\uDrone\firmware\MultiWiiConf\MultiWiiConf\application.windows64\lib\gluegen-rt.jar;C:\Users\Oizom\Documents\GitHub\uDrone\firmware\MultiWiiConf\MultiWiiConf\application.windows64\lib\jogl.jar;C:\Users\Oizom\Documents\GitHub\uDrone\firmware\MultiWiiConf\MultiWiiConf\application.windows64\lib\opengl.jar
Launcher Type: SUN_STANDARD

Environment Variables:
CLASSPATH=C:\Users\Oizom\Documents\GitHub\uDrone\firmware\MultiWiiConf\MultiWiiConf\application.windows64\lib\MultiWiiConf.jar;C:\Users\Oizom\Documents\GitHub\uDrone\firmware\MultiWiiConf\MultiWiiConf\application.windows64\lib\core.jar;C:\Users\Oizom\Documents\GitHub\uDrone\firmware\MultiWiiConf\MultiWiiConf\application.windows64\lib\RXTXcomm.jar;C:\Users\Oizom\Documents\GitHub\uDrone\firmware\MultiWiiConf\MultiWiiConf\application.windows64\lib\serial.jar;C:\Users\Oizom\Documents\GitHub\uDrone\firmware\MultiWiiConf\MultiWiiConf\application.windows64\lib\controlP5.jar;C:\Users\Oizom\Documents\GitHub\uDrone\firmware\MultiWiiConf\MultiWiiConf\application.windows64\lib\gluegen-rt.jar;C:\Users\Oizom\Documents\GitHub\uDrone\firmware\MultiWiiConf\MultiWiiConf\application.windows64\lib\jogl.jar;C:\Users\Oizom\Documents\GitHub\uDrone\firmware\MultiWiiConf\MultiWiiConf\application.windows64\lib\opengl.jar
PATH=C:\Python27;C:\Python27\Scripts;C:\Program Files (x86)\STMicroelectronics\st_toolset\asm;C:\Program Files (x86)\Common Files\Oracle\Java\javapath;C:\WINDOWS\system32;C:\WINDOWS;C:\WINDOWS\System32\Wbem;C:\WINDOWS\System32\WindowsPowerShell\v1.0;C:\Program Files\Git\cmd;C:\Program Files\Docker\Docker\resources\bin;C:\ProgramData\DockerDesktop\version-bin;C:\Program Files\nodejs;C:\Program Files\Intel\WiFi\bin;C:\Program Files\Common Files\Intel\WirelessCommon;C:\Program Files (x86)\Intel\Intel(R) Management Engine Components\DAL;C:\Program Files\Intel\Intel(R) Management Engine Components\DAL;C:\Users\Oizom\Desktop\esp-idf\tools;C:\Users\Oizom\AppData\Local\Programs\Python\Python38-32;C:\Users\Oizom\flutter\bin;C:\Users\Oizom\AppData\Local\particle\bin;C:\OpenSSL-Win32\bin;C:\Users\Oizom\AppData\Local\GitHubDesktop\bin;C:\Users\Oizom\AppData\Local\atom\bin;C:\Users\Oizom\.espressif\tools\ninja\1.9.0;C:\Users\Oizom\AppData\Local\Programs\Microsoft VS Code\bin;C:\Users\Oizom\.espressif\tools\cmake\3.13.4\bin
USERNAME=Oizom
OS=Windows_NT
PROCESSOR_IDENTIFIER=Intel64 Family 6 Model 78 Stepping 3, GenuineIntel



---------------  S Y S T E M  ---------------

OS: Windows 10.0 , 64 bit Build 19041 (10.0.19041.546)

CPU:total 4 (initial active 4) (2 cores per cpu, 2 threads per core) family 6 model 78 stepping 3, cmov, cx8, fxsr, mmx, sse, sse2, sse3, ssse3, sse4.1, sse4.2, popcnt, avx, avx2, aes, clmul, erms, rtm, 3dnowpref, lzcnt, ht, tsc, tscinvbit, bmi1, bmi2, adx

Memory: 4k page, physical 8239268k(4634208k free), swap 14792868k(8555824k free)

vm_info: Java HotSpot(TM) 64-Bit Server VM (25.261-b12) for windows-amd64 JRE (1.8.0_261-b12), built on Jun 18 2020 06:56:32 by "" with unknown MS VC++:1916

time: Sun Oct 11 17:46:56 2020
timezone: India Standard Time
elapsed time: 9 seconds (0d 0h 0m 9s)

